{"D:\\WORK\\UDINUS\\MOOC\\Dicoding\\JavaScript\\LatihanTest\\gradeCalc.js": {"path":"D:\\WORK\\UDINUS\\MOOC\\Dicoding\\JavaScript\\LatihanTest\\gradeCalc.js","statementMap":{"0":{"start":{"line":1,"column":20},"end":{"line":7,"column":1}},"1":{"start":{"line":2,"column":27},"end":{"line":2,"column":80}},"2":{"start":{"line":2,"column":55},"end":{"line":2,"column":79}},"3":{"start":{"line":3,"column":2},"end":{"line":3,"column":53}},"4":{"start":{"line":3,"column":25},"end":{"line":3,"column":53}},"5":{"start":{"line":5,"column":20},"end":{"line":5,"column":100}},"6":{"start":{"line":5,"column":70},"end":{"line":5,"column":96}},"7":{"start":{"line":6,"column":2},"end":{"line":6,"column":40}},"8":{"start":{"line":9,"column":22},"end":{"line":20,"column":1}},"9":{"start":{"line":10,"column":19},"end":{"line":10,"column":21}},"10":{"start":{"line":11,"column":18},"end":{"line":11,"column":42}},"11":{"start":{"line":13,"column":2},"end":{"line":19,"column":3}},"12":{"start":{"line":14,"column":4},"end":{"line":14,"column":32}},"13":{"start":{"line":15,"column":4},"end":{"line":15,"column":16}},"14":{"start":{"line":17,"column":4},"end":{"line":17,"column":34}},"15":{"start":{"line":18,"column":4},"end":{"line":18,"column":17}},"16":{"start":{"line":22,"column":0},"end":{"line":22,"column":48}}},"fnMap":{"0":{"name":"(anonymous_0)","decl":{"start":{"line":1,"column":20},"end":{"line":1,"column":21}},"loc":{"start":{"line":1,"column":37},"end":{"line":7,"column":1}},"line":1},"1":{"name":"(anonymous_1)","decl":{"start":{"line":2,"column":45},"end":{"line":2,"column":46}},"loc":{"start":{"line":2,"column":55},"end":{"line":2,"column":79}},"line":2},"2":{"name":"(anonymous_2)","decl":{"start":{"line":5,"column":39},"end":{"line":5,"column":40}},"loc":{"start":{"line":5,"column":70},"end":{"line":5,"column":96}},"line":5},"3":{"name":"(anonymous_3)","decl":{"start":{"line":9,"column":22},"end":{"line":9,"column":23}},"loc":{"start":{"line":9,"column":45},"end":{"line":20,"column":1}},"line":9}},"branchMap":{"0":{"loc":{"start":{"line":3,"column":2},"end":{"line":3,"column":53}},"type":"if","locations":[{"start":{"line":3,"column":2},"end":{"line":3,"column":53}},{"start":{"line":3,"column":2},"end":{"line":3,"column":53}}],"line":3},"1":{"loc":{"start":{"line":13,"column":2},"end":{"line":19,"column":3}},"type":"if","locations":[{"start":{"line":13,"column":2},"end":{"line":19,"column":3}},{"start":{"line":13,"column":2},"end":{"line":19,"column":3}}],"line":13}},"s":{"0":1,"1":3,"2":12,"3":3,"4":0,"5":3,"6":12,"7":3,"8":1,"9":2,"10":2,"11":2,"12":1,"13":1,"14":1,"15":1,"16":1},"f":{"0":3,"1":12,"2":12,"3":2},"b":{"0":[0,3],"1":[1,1]},"_coverageSchema":"1a1c01bbd47fc00a2c39e90264f33305004495a9","hash":"516b2996e7f541a7613ec2c68e3a2d166c8a5205"}
}
